<testsuites id="" name="" tests="21" failures="0" skipped="0" errors="0" time="175.91797699999998">
<testsuite name="deep_verification.spec.ts" timestamp="2026-01-05T05:41:59.965Z" hostname="chromium" tests="1" failures="0" skipped="0" time="6.681" errors="0">
<testcase name="deep end-to-end verification" classname="deep_verification.spec.ts" time="6.681">
<system-out>
<![CDATA[Test Script Process Project ID: undefined
✅ Subscription verified in DB for e2e-720597@example.com
✅ Webhook verified in DB for https://e2e-webhook-720597.com
✅ Comment verified in DB: "Deep E2E Verification Comment 720597"
📡 Injected "down" status for Anthropic into DB
✅ UI correctly reflected the injected DB state change in Incidents tab (Propagation Success)
🚀 Deep End-to-End Verification Successful
]]>
</system-out>
<system-err>
<![CDATA[Using Project ID: ai-status-dashboard-dev
Initializing Admin SDK for Project: ai-status-dashboard-dev
DB_VERIFY_START: Project=ai-status-dashboard-dev
Using Project ID: ai-status-dashboard-dev
Initializing Admin SDK for Project: ai-status-dashboard-dev
DB_VERIFY_START: Project=ai-status-dashboard-dev
Using Project ID: ai-status-dashboard-dev
Initializing Admin SDK for Project: ai-status-dashboard-dev
DB_VERIFY_START: Project=ai-status-dashboard-dev
Using Project ID: ai-status-dashboard-dev
Initializing Admin SDK for Project: ai-status-dashboard-dev
DB_VERIFY_START: Project=ai-status-dashboard-dev
]]>
</system-err>
</testcase>
</testsuite>
<testsuite name="full-stack.spec.ts" timestamp="2026-01-05T05:41:59.965Z" hostname="chromium" tests="5" failures="0" skipped="0" time="22.114" errors="0">
<testcase name="Full-Stack Verification Suite › 1. Notification Lifecycle (UI -&gt; Change -&gt; Queue)" classname="full-stack.spec.ts" time="10.119">
<system-out>
<![CDATA[🧹 Test state initialized
📡 Status change injected: OpenAI -> DOWN
⚙️ Status Orchestrator triggered
✅ Notification lifecycle verified: Notification queued for test-727229@example.com
]]>
</system-out>
<system-err>
<![CDATA[Using Project ID: ai-status-dashboard-dev
Initializing Admin SDK for Project: ai-status-dashboard-dev
DB_VERIFY_START: Project=ai-status-dashboard-dev
Using Project ID: ai-status-dashboard-dev
Initializing Admin SDK for Project: ai-status-dashboard-dev
DB_VERIFY_START: Project=ai-status-dashboard-dev
Using Project ID: ai-status-dashboard-dev
Initializing Admin SDK for Project: ai-status-dashboard-dev
DB_VERIFY_START: Project=ai-status-dashboard-dev
Using Project ID: ai-status-dashboard-dev
Initializing Admin SDK for Project: ai-status-dashboard-dev
DB_VERIFY_START: Project=ai-status-dashboard-dev
Using Project ID: ai-status-dashboard-dev
Initializing Admin SDK for Project: ai-status-dashboard-dev
DB_VERIFY_START: Project=ai-status-dashboard-dev
Using Project ID: ai-status-dashboard-dev
Initializing Admin SDK for Project: ai-status-dashboard-dev
DB_VERIFY_START: Project=ai-status-dashboard-dev
Using Project ID: ai-status-dashboard-dev
Initializing Admin SDK for Project: ai-status-dashboard-dev
DB_VERIFY_START: Project=ai-status-dashboard-dev
Using Project ID: ai-status-dashboard-dev
Initializing Admin SDK for Project: ai-status-dashboard-dev
DB_VERIFY_START: Project=ai-status-dashboard-dev
Using Project ID: ai-status-dashboard-dev
Initializing Admin SDK for Project: ai-status-dashboard-dev
DB_VERIFY_START: Project=ai-status-dashboard-dev
Using Project ID: ai-status-dashboard-dev
Initializing Admin SDK for Project: ai-status-dashboard-dev
DB_VERIFY_START: Project=ai-status-dashboard-dev
]]>
</system-err>
</testcase>
<testcase name="Full-Stack Verification Suite › 2. Analytics Data Integrity (Seed -&gt; API -&gt; UI)" classname="full-stack.spec.ts" time="4.273">
<system-out>
<![CDATA[📊 Seeded 42 interaction events for OpenAI
✅ Analytics API data integrity verified
✅ Analytics UI rendering verified
]]>
</system-out>
<system-err>
<![CDATA[Using Project ID: ai-status-dashboard-dev
Initializing Admin SDK for Project: ai-status-dashboard-dev
DB_VERIFY_START: Project=ai-status-dashboard-dev
Using Project ID: ai-status-dashboard-dev
Initializing Admin SDK for Project: ai-status-dashboard-dev
DB_VERIFY_START: Project=ai-status-dashboard-dev
]]>
</system-err>
</testcase>
<testcase name="Full-Stack Verification Suite › 3. UI Logic: Search, Filter &amp; Sort" classname="full-stack.spec.ts" time="3.928">
<system-out>
<![CDATA[✅ UI Search verified
✅ UI Filter verified: Found 16 operational providers
]]>
</system-out>
</testcase>
<testcase name="Full-Stack Verification Suite › 4. Developer Tools: Badge &amp; Health API" classname="full-stack.spec.ts" time="0.223">
<system-out>
<![CDATA[✅ Developer APIs (Health & Badge) verified
]]>
</system-out>
</testcase>
<testcase name="Full-Stack Verification Suite › 5. Community Engagement: Full lifecycle" classname="full-stack.spec.ts" time="3.571">
<system-out>
<![CDATA[✅ Community engagement lifecycle verified
]]>
</system-out>
<system-err>
<![CDATA[Using Project ID: ai-status-dashboard-dev
Initializing Admin SDK for Project: ai-status-dashboard-dev
DB_VERIFY_START: Project=ai-status-dashboard-dev
]]>
</system-err>
</testcase>
</testsuite>
<testsuite name="ui_verification.spec.ts" timestamp="2026-01-05T05:41:59.965Z" hostname="chromium" tests="1" failures="0" skipped="0" time="7.615" errors="0">
<testcase name="comprehensive ui and api verification" classname="ui_verification.spec.ts" time="7.615">
<system-out>
<![CDATA[Comprehensive UI & API Verification Successful
]]>
</system-out>
</testcase>
</testsuite>
<testsuite name="deep_verification.spec.ts" timestamp="2026-01-05T05:41:59.965Z" hostname="firefox" tests="1" failures="0" skipped="0" time="8.069" errors="0">
<testcase name="deep end-to-end verification" classname="deep_verification.spec.ts" time="8.069">
<system-out>
<![CDATA[Test Script Process Project ID: undefined
✅ Subscription verified in DB for e2e-764572@example.com
✅ Webhook verified in DB for https://e2e-webhook-764572.com
✅ Comment verified in DB: "Deep E2E Verification Comment 764572"
📡 Injected "down" status for Anthropic into DB
✅ UI correctly reflected the injected DB state change in Incidents tab (Propagation Success)
🚀 Deep End-to-End Verification Successful
]]>
</system-out>
<system-err>
<![CDATA[Using Project ID: ai-status-dashboard-dev
Initializing Admin SDK for Project: ai-status-dashboard-dev
DB_VERIFY_START: Project=ai-status-dashboard-dev
Using Project ID: ai-status-dashboard-dev
Initializing Admin SDK for Project: ai-status-dashboard-dev
DB_VERIFY_START: Project=ai-status-dashboard-dev
Using Project ID: ai-status-dashboard-dev
Initializing Admin SDK for Project: ai-status-dashboard-dev
DB_VERIFY_START: Project=ai-status-dashboard-dev
Using Project ID: ai-status-dashboard-dev
Initializing Admin SDK for Project: ai-status-dashboard-dev
DB_VERIFY_START: Project=ai-status-dashboard-dev
]]>
</system-err>
</testcase>
</testsuite>
<testsuite name="full-stack.spec.ts" timestamp="2026-01-05T05:41:59.965Z" hostname="firefox" tests="5" failures="0" skipped="0" time="22.392" errors="0">
<testcase name="Full-Stack Verification Suite › 1. Notification Lifecycle (UI -&gt; Change -&gt; Queue)" classname="full-stack.spec.ts" time="11.966">
<system-out>
<![CDATA[🧹 Test state initialized
📡 Status change injected: OpenAI -> DOWN
⚙️ Status Orchestrator triggered
✅ Notification lifecycle verified: Notification queued for test-771728@example.com
]]>
</system-out>
<system-err>
<![CDATA[Using Project ID: ai-status-dashboard-dev
Initializing Admin SDK for Project: ai-status-dashboard-dev
DB_VERIFY_START: Project=ai-status-dashboard-dev
Using Project ID: ai-status-dashboard-dev
Initializing Admin SDK for Project: ai-status-dashboard-dev
DB_VERIFY_START: Project=ai-status-dashboard-dev
Using Project ID: ai-status-dashboard-dev
Initializing Admin SDK for Project: ai-status-dashboard-dev
DB_VERIFY_START: Project=ai-status-dashboard-dev
Using Project ID: ai-status-dashboard-dev
Initializing Admin SDK for Project: ai-status-dashboard-dev
DB_VERIFY_START: Project=ai-status-dashboard-dev
Using Project ID: ai-status-dashboard-dev
Initializing Admin SDK for Project: ai-status-dashboard-dev
DB_VERIFY_START: Project=ai-status-dashboard-dev
Using Project ID: ai-status-dashboard-dev
Initializing Admin SDK for Project: ai-status-dashboard-dev
DB_VERIFY_START: Project=ai-status-dashboard-dev
Using Project ID: ai-status-dashboard-dev
Initializing Admin SDK for Project: ai-status-dashboard-dev
DB_VERIFY_START: Project=ai-status-dashboard-dev
Using Project ID: ai-status-dashboard-dev
Initializing Admin SDK for Project: ai-status-dashboard-dev
DB_VERIFY_START: Project=ai-status-dashboard-dev
Using Project ID: ai-status-dashboard-dev
Initializing Admin SDK for Project: ai-status-dashboard-dev
DB_VERIFY_START: Project=ai-status-dashboard-dev
Using Project ID: ai-status-dashboard-dev
Initializing Admin SDK for Project: ai-status-dashboard-dev
DB_VERIFY_START: Project=ai-status-dashboard-dev
]]>
</system-err>
</testcase>
<testcase name="Full-Stack Verification Suite › 2. Analytics Data Integrity (Seed -&gt; API -&gt; UI)" classname="full-stack.spec.ts" time="3.081">
<system-out>
<![CDATA[📊 Seeded 42 interaction events for OpenAI
✅ Analytics API data integrity verified
✅ Analytics UI rendering verified
]]>
</system-out>
<system-err>
<![CDATA[Using Project ID: ai-status-dashboard-dev
Initializing Admin SDK for Project: ai-status-dashboard-dev
DB_VERIFY_START: Project=ai-status-dashboard-dev
Using Project ID: ai-status-dashboard-dev
Initializing Admin SDK for Project: ai-status-dashboard-dev
DB_VERIFY_START: Project=ai-status-dashboard-dev
]]>
</system-err>
</testcase>
<testcase name="Full-Stack Verification Suite › 3. UI Logic: Search, Filter &amp; Sort" classname="full-stack.spec.ts" time="3.922">
<system-out>
<![CDATA[✅ UI Search verified
✅ UI Filter verified: Found 16 operational providers
]]>
</system-out>
</testcase>
<testcase name="Full-Stack Verification Suite › 4. Developer Tools: Badge &amp; Health API" classname="full-stack.spec.ts" time="0.285">
<system-out>
<![CDATA[✅ Developer APIs (Health & Badge) verified
]]>
</system-out>
</testcase>
<testcase name="Full-Stack Verification Suite › 5. Community Engagement: Full lifecycle" classname="full-stack.spec.ts" time="3.138">
<system-out>
<![CDATA[✅ Community engagement lifecycle verified
]]>
</system-out>
<system-err>
<![CDATA[Using Project ID: ai-status-dashboard-dev
Initializing Admin SDK for Project: ai-status-dashboard-dev
DB_VERIFY_START: Project=ai-status-dashboard-dev
]]>
</system-err>
</testcase>
</testsuite>
<testsuite name="ui_verification.spec.ts" timestamp="2026-01-05T05:41:59.965Z" hostname="firefox" tests="1" failures="0" skipped="0" time="7.74" errors="0">
<testcase name="comprehensive ui and api verification" classname="ui_verification.spec.ts" time="7.74">
<system-out>
<![CDATA[Comprehensive UI & API Verification Successful
]]>
</system-out>
</testcase>
</testsuite>
<testsuite name="deep_verification.spec.ts" timestamp="2026-01-05T05:41:59.965Z" hostname="webkit" tests="1" failures="0" skipped="0" time="11.169" errors="0">
<testcase name="deep end-to-end verification" classname="deep_verification.spec.ts" time="11.169">
<system-out>
<![CDATA[Test Script Process Project ID: undefined
✅ Subscription verified in DB for e2e-809474@example.com
✅ Webhook verified in DB for https://e2e-webhook-809474.com
✅ Comment verified in DB: "Deep E2E Verification Comment 809474"
📡 Injected "down" status for Anthropic into DB
✅ UI correctly reflected the injected DB state change in Incidents tab (Propagation Success)
🚀 Deep End-to-End Verification Successful
]]>
</system-out>
<system-err>
<![CDATA[Using Project ID: ai-status-dashboard-dev
Initializing Admin SDK for Project: ai-status-dashboard-dev
DB_VERIFY_START: Project=ai-status-dashboard-dev
Using Project ID: ai-status-dashboard-dev
Initializing Admin SDK for Project: ai-status-dashboard-dev
DB_VERIFY_START: Project=ai-status-dashboard-dev
Using Project ID: ai-status-dashboard-dev
Initializing Admin SDK for Project: ai-status-dashboard-dev
DB_VERIFY_START: Project=ai-status-dashboard-dev
Using Project ID: ai-status-dashboard-dev
Initializing Admin SDK for Project: ai-status-dashboard-dev
DB_VERIFY_START: Project=ai-status-dashboard-dev
]]>
</system-err>
</testcase>
</testsuite>
<testsuite name="full-stack.spec.ts" timestamp="2026-01-05T05:41:59.965Z" hostname="webkit" tests="5" failures="0" skipped="0" time="34.678" errors="0">
<testcase name="Full-Stack Verification Suite › 1. Notification Lifecycle (UI -&gt; Change -&gt; Queue)" classname="full-stack.spec.ts" time="13.728">
<system-out>
<![CDATA[🧹 Test state initialized
📡 Status change injected: OpenAI -> DOWN
⚙️ Status Orchestrator triggered
✅ Notification lifecycle verified: Notification queued for test-822452@example.com
]]>
</system-out>
<system-err>
<![CDATA[Using Project ID: ai-status-dashboard-dev
Initializing Admin SDK for Project: ai-status-dashboard-dev
DB_VERIFY_START: Project=ai-status-dashboard-dev
Using Project ID: ai-status-dashboard-dev
Initializing Admin SDK for Project: ai-status-dashboard-dev
DB_VERIFY_START: Project=ai-status-dashboard-dev
Using Project ID: ai-status-dashboard-dev
Initializing Admin SDK for Project: ai-status-dashboard-dev
DB_VERIFY_START: Project=ai-status-dashboard-dev
Using Project ID: ai-status-dashboard-dev
Initializing Admin SDK for Project: ai-status-dashboard-dev
DB_VERIFY_START: Project=ai-status-dashboard-dev
Using Project ID: ai-status-dashboard-dev
Initializing Admin SDK for Project: ai-status-dashboard-dev
DB_VERIFY_START: Project=ai-status-dashboard-dev
Using Project ID: ai-status-dashboard-dev
Initializing Admin SDK for Project: ai-status-dashboard-dev
DB_VERIFY_START: Project=ai-status-dashboard-dev
Using Project ID: ai-status-dashboard-dev
Initializing Admin SDK for Project: ai-status-dashboard-dev
DB_VERIFY_START: Project=ai-status-dashboard-dev
Using Project ID: ai-status-dashboard-dev
Initializing Admin SDK for Project: ai-status-dashboard-dev
DB_VERIFY_START: Project=ai-status-dashboard-dev
Using Project ID: ai-status-dashboard-dev
Initializing Admin SDK for Project: ai-status-dashboard-dev
DB_VERIFY_START: Project=ai-status-dashboard-dev
Using Project ID: ai-status-dashboard-dev
Initializing Admin SDK for Project: ai-status-dashboard-dev
DB_VERIFY_START: Project=ai-status-dashboard-dev
]]>
</system-err>
</testcase>
<testcase name="Full-Stack Verification Suite › 2. Analytics Data Integrity (Seed -&gt; API -&gt; UI)" classname="full-stack.spec.ts" time="6.093">
<system-out>
<![CDATA[📊 Seeded 42 interaction events for OpenAI
✅ Analytics API data integrity verified
✅ Analytics UI rendering verified
]]>
</system-out>
<system-err>
<![CDATA[Using Project ID: ai-status-dashboard-dev
Initializing Admin SDK for Project: ai-status-dashboard-dev
DB_VERIFY_START: Project=ai-status-dashboard-dev
Using Project ID: ai-status-dashboard-dev
Initializing Admin SDK for Project: ai-status-dashboard-dev
DB_VERIFY_START: Project=ai-status-dashboard-dev
]]>
</system-err>
</testcase>
<testcase name="Full-Stack Verification Suite › 3. UI Logic: Search, Filter &amp; Sort" classname="full-stack.spec.ts" time="6.689">
<system-out>
<![CDATA[✅ UI Search verified
✅ UI Filter verified: Found 16 operational providers
]]>
</system-out>
</testcase>
<testcase name="Full-Stack Verification Suite › 4. Developer Tools: Badge &amp; Health API" classname="full-stack.spec.ts" time="1.04">
<system-out>
<![CDATA[✅ Developer APIs (Health & Badge) verified
]]>
</system-out>
</testcase>
<testcase name="Full-Stack Verification Suite › 5. Community Engagement: Full lifecycle" classname="full-stack.spec.ts" time="7.128">
<system-out>
<![CDATA[✅ Community engagement lifecycle verified
]]>
</system-out>
<system-err>
<![CDATA[Using Project ID: ai-status-dashboard-dev
Initializing Admin SDK for Project: ai-status-dashboard-dev
DB_VERIFY_START: Project=ai-status-dashboard-dev
]]>
</system-err>
</testcase>
</testsuite>
<testsuite name="ui_verification.spec.ts" timestamp="2026-01-05T05:41:59.965Z" hostname="webkit" tests="1" failures="0" skipped="0" time="11.919" errors="0">
<testcase name="comprehensive ui and api verification" classname="ui_verification.spec.ts" time="11.919">
<system-out>
<![CDATA[Comprehensive UI & API Verification Successful
]]>
</system-out>
</testcase>
</testsuite>
</testsuites>